app/build/intermediates/manifest_merge_blame_file/debug/manifest-merger-blame-debug-report.txt
1<?xml version="1.0" encoding="utf-8"?>
2<manifest xmlns:android="http://schemas.android.com/apk/res/android"
3    package="com.macas.nmsc.sict"
4    android:versionCode="100"
5    android:versionName="1.0.0" >
6
7    <uses-sdk
8        android:minSdkVersion="23"
8-->src\main\AndroidManifest.xml
9        android:targetSdkVersion="32" />
9-->src\main\AndroidManifest.xml
10
11    <uses-permission android:name="android.permission.INTERNET" />
11-->src\main\AndroidManifest.xml:5:5-67
11-->src\main\AndroidManifest.xml:5:22-64
12    <uses-permission android:name="android.permission.ACCESS_NETWORK_STATE" />
12-->[com.google.firebase:firebase-auth:21.0.3] AndroidManifest.xml:24:5-79
12-->[com.google.firebase:firebase-auth:21.0.3] AndroidManifest.xml:24:22-76
13    <uses-permission android:name="android.permission.WAKE_LOCK" /> <!-- Required by older versions of Google Play services to create IID tokens -->
13-->[com.google.firebase:firebase-messaging:23.0.3] AndroidManifest.xml:26:5-68
13-->[com.google.firebase:firebase-messaging:23.0.3] AndroidManifest.xml:26:22-65
14    <uses-permission android:name="com.google.android.c2dm.permission.RECEIVE" />
14-->[com.google.firebase:firebase-messaging:23.0.3] AndroidManifest.xml:28:5-82
14-->[com.google.firebase:firebase-messaging:23.0.3] AndroidManifest.xml:28:22-79
15    <uses-permission android:name="com.google.android.gms.permission.AD_ID" />
15-->[com.google.android.gms:play-services-measurement-api:20.1.2] AndroidManifest.xml:25:5-79
15-->[com.google.android.gms:play-services-measurement-api:20.1.2] AndroidManifest.xml:25:22-76
16    <uses-permission android:name="com.google.android.finsky.permission.BIND_GET_INSTALL_REFERRER_SERVICE" /> <!-- To store the heap dumps and leak analysis results. -->
16-->[com.google.android.gms:play-services-measurement:20.1.2] AndroidManifest.xml:26:5-110
16-->[com.google.android.gms:play-services-measurement:20.1.2] AndroidManifest.xml:26:22-107
17    <uses-permission android:name="android.permission.READ_EXTERNAL_STORAGE" />
17-->[com.squareup.leakcanary:leakcanary-android-core:2.9.1] AndroidManifest.xml:25:5-80
17-->[com.squareup.leakcanary:leakcanary-android-core:2.9.1] AndroidManifest.xml:25:22-77
18    <uses-permission android:name="android.permission.WRITE_EXTERNAL_STORAGE" /> <!-- To allow starting foreground services on Android P+ - https://developer.android.com/preview/behavior-changes#fg-svc -->
18-->[com.squareup.leakcanary:leakcanary-android-core:2.9.1] AndroidManifest.xml:26:5-81
18-->[com.squareup.leakcanary:leakcanary-android-core:2.9.1] AndroidManifest.xml:26:22-78
19    <uses-permission android:name="android.permission.FOREGROUND_SERVICE" />
19-->[com.squareup.leakcanary:leakcanary-android-core:2.9.1] AndroidManifest.xml:28:5-77
19-->[com.squareup.leakcanary:leakcanary-android-core:2.9.1] AndroidManifest.xml:28:22-74
20
21    <application
21-->src\main\AndroidManifest.xml:7:5-64:19
22        android:name="com.macas.nmsc.sict.MacasApplication"
22-->src\main\AndroidManifest.xml:8:9-60
23        android:allowBackup="true"
23-->src\main\AndroidManifest.xml:9:9-35
24        android:appComponentFactory="androidx.core.app.CoreComponentFactory"
24-->[androidx.core:core:1.7.0] AndroidManifest.xml:24:18-86
25        android:debuggable="true"
26        android:extractNativeLibs="false"
27        android:icon="@mipmap/ic_launcher"
27-->src\main\AndroidManifest.xml:10:9-43
28        android:label="@string/app_name"
28-->src\main\AndroidManifest.xml:11:9-41
29        android:roundIcon="@mipmap/ic_launcher_round"
29-->src\main\AndroidManifest.xml:12:9-54
30        android:supportsRtl="true"
30-->src\main\AndroidManifest.xml:13:9-35
31        android:testOnly="true"
32        android:theme="@style/AppTheme" >
32-->src\main\AndroidManifest.xml:14:9-40
33        <activity
33-->src\main\AndroidManifest.xml:15:9-17:40
34            android:name="com.macas.nmsc.sict.useractivities.OnboardActivity"
34-->src\main\AndroidManifest.xml:16:13-78
35            android:exported="false" />
35-->src\main\AndroidManifest.xml:17:13-37
36        <activity
36-->src\main\AndroidManifest.xml:18:9-26:20
37            android:name="com.macas.nmsc.sict.IntroActivity"
37-->src\main\AndroidManifest.xml:19:13-42
38            android:exported="true" >
38-->src\main\AndroidManifest.xml:20:13-36
39            <intent-filter>
39-->src\main\AndroidManifest.xml:21:13-25:29
40                <action android:name="android.intent.action.MAIN" />
40-->src\main\AndroidManifest.xml:22:17-69
40-->src\main\AndroidManifest.xml:22:25-66
41
42                <category android:name="android.intent.category.LAUNCHER" />
42-->src\main\AndroidManifest.xml:24:17-77
42-->src\main\AndroidManifest.xml:24:27-74
43            </intent-filter>
44        </activity>
45        <activity
45-->src\main\AndroidManifest.xml:27:9-30:20
46            android:name="com.macas.nmsc.sict.MainActivity"
46-->src\main\AndroidManifest.xml:28:13-41
47            android:exported="true" >
47-->src\main\AndroidManifest.xml:29:13-36
48        </activity>
49        <activity
49-->src\main\AndroidManifest.xml:31:9-33:39
50            android:name="com.macas.nmsc.sict.CreateEvent"
50-->src\main\AndroidManifest.xml:32:13-40
51            android:exported="true" />
51-->src\main\AndroidManifest.xml:33:13-36
52        <activity
52-->src\main\AndroidManifest.xml:34:9-38:47
53            android:name="com.macas.nmsc.sict.LogInActivity"
53-->src\main\AndroidManifest.xml:35:13-42
54            android:exported="true"
54-->src\main\AndroidManifest.xml:36:13-36
55            android:screenOrientation="portrait"
55-->src\main\AndroidManifest.xml:37:13-49
56            android:theme="@style/AppTheme" />
56-->src\main\AndroidManifest.xml:38:13-44
57        <activity
57-->src\main\AndroidManifest.xml:39:9-43:47
58            android:name="com.macas.nmsc.sict.RegisterUserActivity"
58-->src\main\AndroidManifest.xml:40:13-49
59            android:exported="true"
59-->src\main\AndroidManifest.xml:41:13-36
60            android:screenOrientation="portrait"
60-->src\main\AndroidManifest.xml:42:13-49
61            android:theme="@style/AppTheme" />
61-->src\main\AndroidManifest.xml:43:13-44
62        <activity
62-->src\main\AndroidManifest.xml:44:9-48:57
63            android:name="com.macas.nmsc.sict.HomeActivity"
63-->src\main\AndroidManifest.xml:45:13-41
64            android:exported="true"
64-->src\main\AndroidManifest.xml:46:13-36
65            android:screenOrientation="portrait"
65-->src\main\AndroidManifest.xml:47:13-49
66            android:theme="@style/LightMaterialTheme" />
66-->src\main\AndroidManifest.xml:48:13-54
67        <activity
67-->src\main\AndroidManifest.xml:49:9-53:51
68            android:name="com.macas.nmsc.sict.UserProfileAct"
68-->src\main\AndroidManifest.xml:50:13-43
69            android:exported="true"
69-->src\main\AndroidManifest.xml:51:13-36
70            android:screenOrientation="portrait"
70-->src\main\AndroidManifest.xml:52:13-49
71            android:theme="@style/ProfileTheme" />
71-->src\main\AndroidManifest.xml:53:13-48
72        <activity
72-->src\main\AndroidManifest.xml:54:9-58:57
73            android:name="com.macas.nmsc.sict.YourOrgsActivity"
73-->src\main\AndroidManifest.xml:55:13-45
74            android:exported="true"
74-->src\main\AndroidManifest.xml:56:13-36
75            android:screenOrientation="portrait"
75-->src\main\AndroidManifest.xml:57:13-49
76            android:theme="@style/LightMaterialTheme" />
76-->src\main\AndroidManifest.xml:58:13-54
77        <activity
77-->src\main\AndroidManifest.xml:59:9-63:59
78            android:name="com.macas.nmsc.sict.TransistActivity"
78-->src\main\AndroidManifest.xml:60:13-45
79            android:exported="true"
79-->src\main\AndroidManifest.xml:61:13-36
80            android:screenOrientation="portrait"
80-->src\main\AndroidManifest.xml:62:13-49
81            android:theme="@style/AppTheme.Transparent" />
81-->src\main\AndroidManifest.xml:63:13-56
82        <activity
82-->[com.google.firebase:firebase-auth:21.0.3] AndroidManifest.xml:27:9-44:20
83            android:name="com.google.firebase.auth.internal.GenericIdpActivity"
83-->[com.google.firebase:firebase-auth:21.0.3] AndroidManifest.xml:28:13-80
84            android:excludeFromRecents="true"
84-->[com.google.firebase:firebase-auth:21.0.3] AndroidManifest.xml:29:13-46
85            android:exported="true"
85-->[com.google.firebase:firebase-auth:21.0.3] AndroidManifest.xml:30:13-36
86            android:launchMode="singleTask"
86-->[com.google.firebase:firebase-auth:21.0.3] AndroidManifest.xml:31:13-44
87            android:theme="@android:style/Theme.Translucent.NoTitleBar" >
87-->[com.google.firebase:firebase-auth:21.0.3] AndroidManifest.xml:32:13-72
88            <intent-filter>
88-->[com.google.firebase:firebase-auth:21.0.3] AndroidManifest.xml:33:13-43:29
89                <action android:name="android.intent.action.VIEW" />
89-->[com.google.firebase:firebase-auth:21.0.3] AndroidManifest.xml:34:17-69
89-->[com.google.firebase:firebase-auth:21.0.3] AndroidManifest.xml:34:25-66
90
91                <category android:name="android.intent.category.DEFAULT" />
91-->[com.google.firebase:firebase-auth:21.0.3] AndroidManifest.xml:36:17-76
91-->[com.google.firebase:firebase-auth:21.0.3] AndroidManifest.xml:36:27-73
92                <category android:name="android.intent.category.BROWSABLE" />
92-->[com.google.firebase:firebase-auth:21.0.3] AndroidManifest.xml:37:17-78
92-->[com.google.firebase:firebase-auth:21.0.3] AndroidManifest.xml:37:27-75
93
94                <data
94-->[com.google.firebase:firebase-auth:21.0.3] AndroidManifest.xml:39:17-42:51
95                    android:host="firebase.auth"
95-->[com.google.firebase:firebase-auth:21.0.3] AndroidManifest.xml:40:21-49
96                    android:path="/"
96-->[com.google.firebase:firebase-auth:21.0.3] AndroidManifest.xml:41:21-37
97                    android:scheme="genericidp" />
97-->[com.google.firebase:firebase-auth:21.0.3] AndroidManifest.xml:42:21-48
98            </intent-filter>
99        </activity>
100        <activity
100-->[com.google.firebase:firebase-auth:21.0.3] AndroidManifest.xml:45:9-62:20
101            android:name="com.google.firebase.auth.internal.RecaptchaActivity"
101-->[com.google.firebase:firebase-auth:21.0.3] AndroidManifest.xml:46:13-79
102            android:excludeFromRecents="true"
102-->[com.google.firebase:firebase-auth:21.0.3] AndroidManifest.xml:47:13-46
103            android:exported="true"
103-->[com.google.firebase:firebase-auth:21.0.3] AndroidManifest.xml:48:13-36
104            android:launchMode="singleTask"
104-->[com.google.firebase:firebase-auth:21.0.3] AndroidManifest.xml:49:13-44
105            android:theme="@android:style/Theme.Translucent.NoTitleBar" >
105-->[com.google.firebase:firebase-auth:21.0.3] AndroidManifest.xml:50:13-72
106            <intent-filter>
106-->[com.google.firebase:firebase-auth:21.0.3] AndroidManifest.xml:51:13-61:29
107                <action android:name="android.intent.action.VIEW" />
107-->[com.google.firebase:firebase-auth:21.0.3] AndroidManifest.xml:34:17-69
107-->[com.google.firebase:firebase-auth:21.0.3] AndroidManifest.xml:34:25-66
108
109                <category android:name="android.intent.category.DEFAULT" />
109-->[com.google.firebase:firebase-auth:21.0.3] AndroidManifest.xml:36:17-76
109-->[com.google.firebase:firebase-auth:21.0.3] AndroidManifest.xml:36:27-73
110                <category android:name="android.intent.category.BROWSABLE" />
110-->[com.google.firebase:firebase-auth:21.0.3] AndroidManifest.xml:37:17-78
110-->[com.google.firebase:firebase-auth:21.0.3] AndroidManifest.xml:37:27-75
111
112                <data
112-->[com.google.firebase:firebase-auth:21.0.3] AndroidManifest.xml:39:17-42:51
113                    android:host="firebase.auth"
113-->[com.google.firebase:firebase-auth:21.0.3] AndroidManifest.xml:40:21-49
114                    android:path="/"
114-->[com.google.firebase:firebase-auth:21.0.3] AndroidManifest.xml:41:21-37
115                    android:scheme="recaptcha" />
115-->[com.google.firebase:firebase-auth:21.0.3] AndroidManifest.xml:42:21-48
116            </intent-filter>
117        </activity>
118
119        <service
119-->[com.google.firebase:firebase-auth:21.0.3] AndroidManifest.xml:64:9-70:19
120            android:name="com.google.firebase.components.ComponentDiscoveryService"
120-->[com.google.firebase:firebase-auth:21.0.3] AndroidManifest.xml:65:13-84
121            android:directBootAware="true"
121-->[com.google.firebase:firebase-common:20.1.0] AndroidManifest.xml:35:13-43
122            android:exported="false" >
122-->[com.google.firebase:firebase-auth:21.0.3] AndroidManifest.xml:66:13-37
123            <meta-data
123-->[com.google.firebase:firebase-auth:21.0.3] AndroidManifest.xml:67:13-69:85
124                android:name="com.google.firebase.components:com.google.firebase.auth.FirebaseAuthRegistrar"
124-->[com.google.firebase:firebase-auth:21.0.3] AndroidManifest.xml:68:17-109
125                android:value="com.google.firebase.components.ComponentRegistrar" />
125-->[com.google.firebase:firebase-auth:21.0.3] AndroidManifest.xml:69:17-82
126            <meta-data
126-->[com.google.firebase:firebase-messaging:23.0.3] AndroidManifest.xml:55:13-57:85
127                android:name="com.google.firebase.components:com.google.firebase.messaging.FirebaseMessagingRegistrar"
127-->[com.google.firebase:firebase-messaging:23.0.3] AndroidManifest.xml:56:17-119
128                android:value="com.google.firebase.components.ComponentRegistrar" />
128-->[com.google.firebase:firebase-messaging:23.0.3] AndroidManifest.xml:57:17-82
129            <meta-data
129-->[com.google.firebase:firebase-datatransport:18.1.2] AndroidManifest.xml:28:13-30:85
130                android:name="com.google.firebase.components:com.google.firebase.datatransport.TransportRegistrar"
130-->[com.google.firebase:firebase-datatransport:18.1.2] AndroidManifest.xml:29:17-115
131                android:value="com.google.firebase.components.ComponentRegistrar" />
131-->[com.google.firebase:firebase-datatransport:18.1.2] AndroidManifest.xml:30:17-82
132            <meta-data
132-->[com.google.android.gms:play-services-measurement-api:20.1.2] AndroidManifest.xml:31:13-33:85
133                android:name="com.google.firebase.components:com.google.firebase.analytics.connector.internal.AnalyticsConnectorRegistrar"
133-->[com.google.android.gms:play-services-measurement-api:20.1.2] AndroidManifest.xml:32:17-139
134                android:value="com.google.firebase.components.ComponentRegistrar" />
134-->[com.google.android.gms:play-services-measurement-api:20.1.2] AndroidManifest.xml:33:17-82
135            <meta-data
135-->[com.google.firebase:firebase-installations:17.0.1] AndroidManifest.xml:18:13-20:85
136                android:name="com.google.firebase.components:com.google.firebase.installations.FirebaseInstallationsRegistrar"
136-->[com.google.firebase:firebase-installations:17.0.1] AndroidManifest.xml:19:17-127
137                android:value="com.google.firebase.components.ComponentRegistrar" />
137-->[com.google.firebase:firebase-installations:17.0.1] AndroidManifest.xml:20:17-82
138        </service>
139
140        <receiver
140-->[com.google.firebase:firebase-messaging:23.0.3] AndroidManifest.xml:31:9-38:20
141            android:name="com.google.firebase.iid.FirebaseInstanceIdReceiver"
141-->[com.google.firebase:firebase-messaging:23.0.3] AndroidManifest.xml:32:13-78
142            android:exported="true"
142-->[com.google.firebase:firebase-messaging:23.0.3] AndroidManifest.xml:33:13-36
143            android:permission="com.google.android.c2dm.permission.SEND" >
143-->[com.google.firebase:firebase-messaging:23.0.3] AndroidManifest.xml:34:13-73
144            <intent-filter>
144-->[com.google.firebase:firebase-messaging:23.0.3] AndroidManifest.xml:35:13-37:29
145                <action android:name="com.google.android.c2dm.intent.RECEIVE" />
145-->[com.google.firebase:firebase-messaging:23.0.3] AndroidManifest.xml:36:17-81
145-->[com.google.firebase:firebase-messaging:23.0.3] AndroidManifest.xml:36:25-78
146            </intent-filter>
147        </receiver>
148        <!--
149             FirebaseMessagingService performs security checks at runtime,
150             but set to not exported to explicitly avoid allowing another app to call it.
151        -->
152        <service
152-->[com.google.firebase:firebase-messaging:23.0.3] AndroidManifest.xml:44:9-51:19
153            android:name="com.google.firebase.messaging.FirebaseMessagingService"
153-->[com.google.firebase:firebase-messaging:23.0.3] AndroidManifest.xml:45:13-82
154            android:directBootAware="true"
154-->[com.google.firebase:firebase-messaging:23.0.3] AndroidManifest.xml:46:13-43
155            android:exported="false" >
155-->[com.google.firebase:firebase-messaging:23.0.3] AndroidManifest.xml:47:13-37
156            <intent-filter android:priority="-500" >
156-->[com.google.firebase:firebase-messaging:23.0.3] AndroidManifest.xml:48:13-50:29
156-->[com.google.firebase:firebase-messaging:23.0.3] AndroidManifest.xml:48:28-51
157                <action android:name="com.google.firebase.MESSAGING_EVENT" />
157-->[com.google.firebase:firebase-messaging:23.0.3] AndroidManifest.xml:49:17-78
157-->[com.google.firebase:firebase-messaging:23.0.3] AndroidManifest.xml:49:25-75
158            </intent-filter>
159        </service>
160        <service
160-->[com.google.android.datatransport:transport-backend-cct:3.1.3] AndroidManifest.xml:29:9-35:19
161            android:name="com.google.android.datatransport.runtime.backends.TransportBackendDiscovery"
161-->[com.google.android.datatransport:transport-backend-cct:3.1.3] AndroidManifest.xml:30:13-103
162            android:exported="false" >
162-->[com.google.android.datatransport:transport-backend-cct:3.1.3] AndroidManifest.xml:31:13-37
163            <meta-data
163-->[com.google.android.datatransport:transport-backend-cct:3.1.3] AndroidManifest.xml:32:13-34:39
164                android:name="backend:com.google.android.datatransport.cct.CctBackendFactory"
164-->[com.google.android.datatransport:transport-backend-cct:3.1.3] AndroidManifest.xml:33:17-94
165                android:value="cct" />
165-->[com.google.android.datatransport:transport-backend-cct:3.1.3] AndroidManifest.xml:34:17-36
166        </service>
167        <service
167-->[com.google.android.datatransport:transport-runtime:3.1.3] AndroidManifest.xml:26:9-30:19
168            android:name="com.google.android.datatransport.runtime.scheduling.jobscheduling.JobInfoSchedulerService"
168-->[com.google.android.datatransport:transport-runtime:3.1.3] AndroidManifest.xml:27:13-117
169            android:exported="false"
169-->[com.google.android.datatransport:transport-runtime:3.1.3] AndroidManifest.xml:28:13-37
170            android:permission="android.permission.BIND_JOB_SERVICE" >
170-->[com.google.android.datatransport:transport-runtime:3.1.3] AndroidManifest.xml:29:13-69
171        </service>
172
173        <receiver
173-->[com.google.android.datatransport:transport-runtime:3.1.3] AndroidManifest.xml:32:9-34:40
174            android:name="com.google.android.datatransport.runtime.scheduling.jobscheduling.AlarmManagerSchedulerBroadcastReceiver"
174-->[com.google.android.datatransport:transport-runtime:3.1.3] AndroidManifest.xml:33:13-132
175            android:exported="false" />
175-->[com.google.android.datatransport:transport-runtime:3.1.3] AndroidManifest.xml:34:13-37
176
177        <provider
177-->[com.google.firebase:firebase-common:20.1.0] AndroidManifest.xml:26:9-31:39
178            android:name="com.google.firebase.provider.FirebaseInitProvider"
178-->[com.google.firebase:firebase-common:20.1.0] AndroidManifest.xml:27:13-77
179            android:authorities="com.macas.nmsc.sict.firebaseinitprovider"
179-->[com.google.firebase:firebase-common:20.1.0] AndroidManifest.xml:28:13-72
180            android:directBootAware="true"
180-->[com.google.firebase:firebase-common:20.1.0] AndroidManifest.xml:29:13-43
181            android:exported="false"
181-->[com.google.firebase:firebase-common:20.1.0] AndroidManifest.xml:30:13-37
182            android:initOrder="100" />
182-->[com.google.firebase:firebase-common:20.1.0] AndroidManifest.xml:31:13-36
183
184        <receiver
184-->[com.google.android.gms:play-services-measurement:20.1.2] AndroidManifest.xml:29:9-33:20
185            android:name="com.google.android.gms.measurement.AppMeasurementReceiver"
185-->[com.google.android.gms:play-services-measurement:20.1.2] AndroidManifest.xml:30:13-85
186            android:enabled="true"
186-->[com.google.android.gms:play-services-measurement:20.1.2] AndroidManifest.xml:31:13-35
187            android:exported="false" >
187-->[com.google.android.gms:play-services-measurement:20.1.2] AndroidManifest.xml:32:13-37
188        </receiver>
189
190        <service
190-->[com.google.android.gms:play-services-measurement:20.1.2] AndroidManifest.xml:35:9-38:40
191            android:name="com.google.android.gms.measurement.AppMeasurementService"
191-->[com.google.android.gms:play-services-measurement:20.1.2] AndroidManifest.xml:36:13-84
192            android:enabled="true"
192-->[com.google.android.gms:play-services-measurement:20.1.2] AndroidManifest.xml:37:13-35
193            android:exported="false" />
193-->[com.google.android.gms:play-services-measurement:20.1.2] AndroidManifest.xml:38:13-37
194        <service
194-->[com.google.android.gms:play-services-measurement:20.1.2] AndroidManifest.xml:39:9-43:72
195            android:name="com.google.android.gms.measurement.AppMeasurementJobService"
195-->[com.google.android.gms:play-services-measurement:20.1.2] AndroidManifest.xml:40:13-87
196            android:enabled="true"
196-->[com.google.android.gms:play-services-measurement:20.1.2] AndroidManifest.xml:41:13-35
197            android:exported="false"
197-->[com.google.android.gms:play-services-measurement:20.1.2] AndroidManifest.xml:42:13-37
198            android:permission="android.permission.BIND_JOB_SERVICE" />
198-->[com.google.android.gms:play-services-measurement:20.1.2] AndroidManifest.xml:43:13-69
199
200        <activity
200-->[com.google.android.gms:play-services-base:18.0.1] AndroidManifest.xml:20:9-22:45
201            android:name="com.google.android.gms.common.api.GoogleApiActivity"
201-->[com.google.android.gms:play-services-base:18.0.1] AndroidManifest.xml:20:19-85
202            android:exported="false"
202-->[com.google.android.gms:play-services-base:18.0.1] AndroidManifest.xml:22:19-43
203            android:theme="@android:style/Theme.Translucent.NoTitleBar" />
203-->[com.google.android.gms:play-services-base:18.0.1] AndroidManifest.xml:21:19-78
204
205        <meta-data
205-->[com.google.android.gms:play-services-basement:18.0.0] AndroidManifest.xml:21:9-23:69
206            android:name="com.google.android.gms.version"
206-->[com.google.android.gms:play-services-basement:18.0.0] AndroidManifest.xml:22:13-58
207            android:value="@integer/google_play_services_version" />
207-->[com.google.android.gms:play-services-basement:18.0.0] AndroidManifest.xml:23:13-66
208
209        <provider
209-->[androidx.emoji2:emoji2:1.0.0] AndroidManifest.xml:26:9-34:20
210            android:name="androidx.startup.InitializationProvider"
210-->[androidx.emoji2:emoji2:1.0.0] AndroidManifest.xml:27:13-67
211            android:authorities="com.macas.nmsc.sict.androidx-startup"
211-->[androidx.emoji2:emoji2:1.0.0] AndroidManifest.xml:28:13-68
212            android:exported="false" >
212-->[androidx.emoji2:emoji2:1.0.0] AndroidManifest.xml:29:13-37
213            <meta-data
213-->[androidx.emoji2:emoji2:1.0.0] AndroidManifest.xml:31:13-33:52
214                android:name="androidx.emoji2.text.EmojiCompatInitializer"
214-->[androidx.emoji2:emoji2:1.0.0] AndroidManifest.xml:32:17-75
215                android:value="androidx.startup" />
215-->[androidx.emoji2:emoji2:1.0.0] AndroidManifest.xml:33:17-49
216            <meta-data
216-->[androidx.lifecycle:lifecycle-process:2.4.0] AndroidManifest.xml:31:13-33:52
217                android:name="androidx.lifecycle.ProcessLifecycleInitializer"
217-->[androidx.lifecycle:lifecycle-process:2.4.0] AndroidManifest.xml:32:17-78
218                android:value="androidx.startup" />
218-->[androidx.lifecycle:lifecycle-process:2.4.0] AndroidManifest.xml:33:17-49
219        </provider>
220        <provider
220-->[com.squareup.leakcanary:leakcanary-android-core:2.9.1] AndroidManifest.xml:31:9-39:20
221            android:name="leakcanary.internal.LeakCanaryFileProvider"
221-->[com.squareup.leakcanary:leakcanary-android-core:2.9.1] AndroidManifest.xml:32:13-70
222            android:authorities="com.squareup.leakcanary.fileprovider.com.macas.nmsc.sict"
222-->[com.squareup.leakcanary:leakcanary-android-core:2.9.1] AndroidManifest.xml:33:13-88
223            android:exported="false"
223-->[com.squareup.leakcanary:leakcanary-android-core:2.9.1] AndroidManifest.xml:34:13-37
224            android:grantUriPermissions="true" >
224-->[com.squareup.leakcanary:leakcanary-android-core:2.9.1] AndroidManifest.xml:35:13-47
225            <meta-data
225-->[com.squareup.leakcanary:leakcanary-android-core:2.9.1] AndroidManifest.xml:36:13-38:66
226                android:name="android.support.FILE_PROVIDER_PATHS"
226-->[com.squareup.leakcanary:leakcanary-android-core:2.9.1] AndroidManifest.xml:37:17-67
227                android:resource="@xml/leak_canary_file_paths" />
227-->[com.squareup.leakcanary:leakcanary-android-core:2.9.1] AndroidManifest.xml:38:17-63
228        </provider>
229
230        <activity
230-->[com.squareup.leakcanary:leakcanary-android-core:2.9.1] AndroidManifest.xml:41:9-72:20
231            android:name="leakcanary.internal.activity.LeakActivity"
231-->[com.squareup.leakcanary:leakcanary-android-core:2.9.1] AndroidManifest.xml:42:13-69
232            android:exported="true"
232-->[com.squareup.leakcanary:leakcanary-android-core:2.9.1] AndroidManifest.xml:43:13-36
233            android:icon="@mipmap/leak_canary_icon"
233-->[com.squareup.leakcanary:leakcanary-android-core:2.9.1] AndroidManifest.xml:44:13-52
234            android:label="@string/leak_canary_display_activity_label"
234-->[com.squareup.leakcanary:leakcanary-android-core:2.9.1] AndroidManifest.xml:45:13-71
235            android:taskAffinity="com.squareup.leakcanary.com.macas.nmsc.sict"
235-->[com.squareup.leakcanary:leakcanary-android-core:2.9.1] AndroidManifest.xml:46:13-76
236            android:theme="@style/leak_canary_LeakCanary.Base" >
236-->[com.squareup.leakcanary:leakcanary-android-core:2.9.1] AndroidManifest.xml:47:13-63
237            <intent-filter android:label="@string/leak_canary_import_hprof_file" >
237-->[com.squareup.leakcanary:leakcanary-android-core:2.9.1] AndroidManifest.xml:48:13-71:29
237-->[com.squareup.leakcanary:leakcanary-android-core:2.9.1] AndroidManifest.xml:48:28-81
238                <action android:name="android.intent.action.VIEW" />
238-->[com.google.firebase:firebase-auth:21.0.3] AndroidManifest.xml:34:17-69
238-->[com.google.firebase:firebase-auth:21.0.3] AndroidManifest.xml:34:25-66
239
240                <category android:name="android.intent.category.DEFAULT" />
240-->[com.google.firebase:firebase-auth:21.0.3] AndroidManifest.xml:36:17-76
240-->[com.google.firebase:firebase-auth:21.0.3] AndroidManifest.xml:36:27-73
241                <category android:name="android.intent.category.BROWSABLE" />
241-->[com.google.firebase:firebase-auth:21.0.3] AndroidManifest.xml:37:17-78
241-->[com.google.firebase:firebase-auth:21.0.3] AndroidManifest.xml:37:27-75
242
243                <data android:scheme="file" />
243-->[com.google.firebase:firebase-auth:21.0.3] AndroidManifest.xml:39:17-42:51
243-->[com.google.firebase:firebase-auth:21.0.3] AndroidManifest.xml:42:21-48
244                <data android:scheme="content" />
244-->[com.google.firebase:firebase-auth:21.0.3] AndroidManifest.xml:39:17-42:51
244-->[com.google.firebase:firebase-auth:21.0.3] AndroidManifest.xml:42:21-48
245                <data android:mimeType="*/*" />
245-->[com.google.firebase:firebase-auth:21.0.3] AndroidManifest.xml:39:17-42:51
246                <data android:host="*" />
246-->[com.google.firebase:firebase-auth:21.0.3] AndroidManifest.xml:39:17-42:51
246-->[com.google.firebase:firebase-auth:21.0.3] AndroidManifest.xml:40:21-49
247                <data android:pathPattern=".*\\.hprof" />
247-->[com.google.firebase:firebase-auth:21.0.3] AndroidManifest.xml:39:17-42:51
248                <data android:pathPattern=".*\\..*\\.hprof" />
248-->[com.google.firebase:firebase-auth:21.0.3] AndroidManifest.xml:39:17-42:51
249                <data android:pathPattern=".*\\..*\\..*\\.hprof" />
249-->[com.google.firebase:firebase-auth:21.0.3] AndroidManifest.xml:39:17-42:51
250                <data android:pathPattern=".*\\..*\\..*\\..*\\.hprof" />
250-->[com.google.firebase:firebase-auth:21.0.3] AndroidManifest.xml:39:17-42:51
251                <data android:pathPattern=".*\\..*\\..*\\..*\\..*\\.hprof" />
251-->[com.google.firebase:firebase-auth:21.0.3] AndroidManifest.xml:39:17-42:51
252                <data android:pathPattern=".*\\..*\\..*\\..*\\..*\\..*\\.hprof" />
252-->[com.google.firebase:firebase-auth:21.0.3] AndroidManifest.xml:39:17-42:51
253                <data android:pathPattern=".*\\..*\\..*\\..*\\..*\\..*\\..*\\.hprof" />
253-->[com.google.firebase:firebase-auth:21.0.3] AndroidManifest.xml:39:17-42:51
254                <!--
255            Since hprof isn't a standard MIME type, we have to declare such patterns.
256            Most file providers will generate URIs including their own package name,
257            which contains `.` characters that must be explicitly escaped in pathPattern.